web-tech/TheShield/app/build/outputs/logs/manifest-merger-debug-report.txt
-- Merging decision tree log ---
manifest
ADDED from src/main/AndroidManifest.xml:2:1-56:12
	xmlns:android
		ADDED from src/main/AndroidManifest.xml:2:11-69
	package
		ADDED from src/main/AndroidManifest.xml:3:5-34
		INJECTED from src/main/AndroidManifest.xml
		INJECTED from src/main/AndroidManifest.xml
	android:versionName
		ADDED from src/main/AndroidManifest.xml:5:5-30
	android:versionCode
		ADDED from src/main/AndroidManifest.xml:4:5-28
		INJECTED from src/main/AndroidManifest.xml
		INJECTED from src/main/AndroidManifest.xml
uses-sdk
ADDED from src/main/AndroidManifest.xml:7:5-9:41
	android:targetSdkVersion
		ADDED from src/main/AndroidManifest.xml:9:9-38
		INJECTED from src/main/AndroidManifest.xml
		INJECTED from src/main/AndroidManifest.xml
	android:minSdkVersion
		ADDED from src/main/AndroidManifest.xml:8:9-35
		INJECTED from src/main/AndroidManifest.xml
		INJECTED from src/main/AndroidManifest.xml
application
ADDED from src/main/AndroidManifest.xml:11:5-44:19
	android:label
		ADDED from src/main/AndroidManifest.xml:15:9-41
	android:debuggable
		ADDED from src/main/AndroidManifest.xml:13:9-34
	android:allowBackup
		ADDED from src/main/AndroidManifest.xml:12:9-35
	android:icon
		ADDED from src/main/AndroidManifest.xml:14:9-45
	android:theme
		ADDED from src/main/AndroidManifest.xml:16:9-40
activity#kau.first.theshield.MainActivity
ADDED from src/main/AndroidManifest.xml:17:9-26:20
	android:screenOrientation
		ADDED from src/main/AndroidManifest.xml:20:13-49
	android:label
		ADDED from src/main/AndroidManifest.xml:19:10-42
	android:name
		ADDED from src/main/AndroidManifest.xml:18:13-60
intent-filter#android.intent.action.MAIN+android.intent.category.LAUNCHER
ADDED from src/main/AndroidManifest.xml:21:13-25:29
action#android.intent.action.MAIN
ADDED from src/main/AndroidManifest.xml:22:17-69
	android:name
		ADDED from src/main/AndroidManifest.xml:22:25-66
category#android.intent.category.LAUNCHER
ADDED from src/main/AndroidManifest.xml:24:17-77
	android:name
		ADDED from src/main/AndroidManifest.xml:24:27-74
activity#kau.first.theshield.ResetPassword
ADDED from src/main/AndroidManifest.xml:27:9-29:61
	android:screenOrientation
		ADDED from src/main/AndroidManifest.xml:29:13-49
	android:name
		ADDED from src/main/AndroidManifest.xml:27:19-48
activity#kau.first.theshield.Helper
ADDED from src/main/AndroidManifest.xml:30:9-32:61
	android:screenOrientation
		ADDED from src/main/AndroidManifest.xml:32:13-49
	android:name
		ADDED from src/main/AndroidManifest.xml:30:19-41
activity#kau.first.theshield.Passcode
ADDED from src/main/AndroidManifest.xml:33:9-35:63
	android:screenOrientation
		ADDED from src/main/AndroidManifest.xml:35:13-49
	android:name
		ADDED from src/main/AndroidManifest.xml:33:19-43
activity#kau.first.theshield.Menuhelp
ADDED from src/main/AndroidManifest.xml:36:10-38:63
	android:screenOrientation
		ADDED from src/main/AndroidManifest.xml:38:13-49
	android:name
		ADDED from src/main/AndroidManifest.xml:36:20-44
receiver#kau.first.theshield.SMSReceiver
ADDED from src/main/AndroidManifest.xml:39:10-43:20
	android:name
		ADDED from src/main/AndroidManifest.xml:39:20-47
intent-filter#android.provider.Telephony.SMS_RECEIVED
ADDED from src/main/AndroidManifest.xml:40:13-42:29
action#android.provider.Telephony.SMS_RECEIVED
ADDED from src/main/AndroidManifest.xml:41:17-89
	android:name
		ADDED from src/main/AndroidManifest.xml:41:25-79
uses-permission#android.permission.INTERNET
ADDED from src/main/AndroidManifest.xml:45:5-83
	android:name
		ADDED from src/main/AndroidManifest.xml:45:22-64
uses-permission#android.permission.RECEIVE_SMS
ADDED from src/main/AndroidManifest.xml:46:5-86
	android:name
		ADDED from src/main/AndroidManifest.xml:46:22-67
uses-permission#android.permission.ACCESS_WIFI_STATE
ADDED from src/main/AndroidManifest.xml:47:5-92
	android:name
		ADDED from src/main/AndroidManifest.xml:47:22-73
uses-permission#android.permission.CHANGE_WIFI_STATE
ADDED from src/main/AndroidManifest.xml:48:5-76
	android:name
		ADDED from src/main/AndroidManifest.xml:48:22-73
uses-permission#android.permission.ACCESS_FINE_LOCATION
ADDED from src/main/AndroidManifest.xml:49:5-95
	android:name
		ADDED from src/main/AndroidManifest.xml:49:22-76
uses-permission#android.permission.ACCESS_MOCK_LOCATION
ADDED from src/main/AndroidManifest.xml:50:2-92
	android:name
		ADDED from src/main/AndroidManifest.xml:50:19-73
uses-permission#android.permission.ACCESS_COARSE_LOCATION
ADDED from src/main/AndroidManifest.xml:51:3-78
	android:name
		ADDED from src/main/AndroidManifest.xml:51:20-76
uses-permission#android.permission.SEND_SMS
ADDED from src/main/AndroidManifest.xml:52:3-65
	android:name
		ADDED from src/main/AndroidManifest.xml:52:20-62